빌드 시작: 2018-02-20 오후 5:14:52
     1>2 노드의 "c:\Users\eomjaewoong\documents\visual studio 2013\Projects\Lockfree\Lockfree\Lockfree.vcxproj" 프로젝트(Build 대상)입니다.
     1>ClCompile:
         C:\Program Files (x86)\Microsoft Visual Studio 12.0\VC\bin\x86_amd64\CL.exe /c /Zi /nologo /W3 /WX- /sdl /Od /Oi /GL /D WIN32 /D NDEBUG /D _CONSOLE /D _LIB /D _UNICODE /D UNICODE /Gm- /EHsc /MT /GS /Gy /fp:precise /Zc:wchar_t /Zc:forScope /Yc"stdafx.h" /Fp"x64\Release\Lockfree.pch" /Fo"x64\Release\\" /Fd"x64\Release\vc120.pdb" /Gd /TP /errorReport:prompt stdafx.cpp
         stdafx.cpp
         C:\Program Files (x86)\Microsoft Visual Studio 12.0\VC\bin\x86_amd64\CL.exe /c /Zi /nologo /W3 /WX- /sdl /Od /Oi /GL /D WIN32 /D NDEBUG /D _CONSOLE /D _LIB /D _UNICODE /D UNICODE /Gm- /EHsc /MT /GS /Gy /fp:precise /Zc:wchar_t /Zc:forScope /Yu"stdafx.h" /Fp"x64\Release\Lockfree.pch" /Fo"x64\Release\\" /Fd"x64\Release\vc120.pdb" /Gd /TP /errorReport:prompt APIHook.cpp CrashDump.cpp main.cpp
         APIHook.cpp
         CrashDump.cpp
         main.cpp
       Link:
         C:\Program Files (x86)\Microsoft Visual Studio 12.0\VC\bin\x86_amd64\link.exe /ERRORREPORT:PROMPT /OUT:"c:\users\eomjaewoong\documents\visual studio 2013\Projects\Lockfree\x64\Release\Lockfree.exe" /INCREMENTAL:NO /NOLOGO kernel32.lib user32.lib gdi32.lib winspool.lib comdlg32.lib advapi32.lib shell32.lib ole32.lib oleaut32.lib uuid.lib odbc32.lib odbccp32.lib /MANIFEST /MANIFESTUAC:"level='asInvoker' uiAccess='false'" /manifest:embed /DEBUG /PDB:"c:\users\eomjaewoong\documents\visual studio 2013\Projects\Lockfree\x64\Release\Lockfree.pdb" /SUBSYSTEM:CONSOLE /OPT:REF /OPT:ICF /LTCG /TLBID:1 /DYNAMICBASE /NXCOMPAT /IMPLIB:"c:\users\eomjaewoong\documents\visual studio 2013\Projects\Lockfree\x64\Release\Lockfree.lib" /MACHINE:X64 x64\Release\APIHook.obj
         x64\Release\CrashDump.obj
         x64\Release\main.obj
         x64\Release\stdafx.obj
         코드를 생성하고 있습니다.
         코드를 생성했습니다.
         Lockfree.vcxproj -> c:\users\eomjaewoong\documents\visual studio 2013\Projects\Lockfree\x64\Release\Lockfree.exe
     1>"c:\Users\eomjaewoong\documents\visual studio 2013\Projects\Lockfree\Lockfree\Lockfree.vcxproj" 프로젝트를 빌드했습니다(Build 대상).

빌드했습니다.

경과 시간: 00:00:04.34
